TN:
SF:src/account.js
FN:2,Account
FN:7,returnTransactions
FN:11,returnBalance
FN:15,transaction
FN:34,_currentDate
FNF:5
FNH:5
FNDA:4,Account
FNDA:1,returnTransactions
FNDA:3,returnBalance
FNDA:3,transaction
FNDA:3,_currentDate
DA:1,1
DA:2,1
DA:3,4
DA:4,4
DA:5,4
DA:6,1
DA:7,1
DA:8,1
DA:9,1
DA:10,1
DA:11,1
DA:12,3
DA:13,3
DA:14,1
DA:15,1
DA:16,3
DA:17,3
DA:18,2
DA:19,2
DA:20,2
DA:21,2
DA:22,2
DA:23,2
DA:24,3
DA:25,3
DA:26,1
DA:27,1
DA:28,1
DA:29,1
DA:30,1
DA:31,1
DA:32,3
DA:33,1
DA:34,1
DA:35,3
DA:36,3
DA:37,3
DA:38,3
DA:39,3
DA:40,3
DA:41,1
DA:42,1
LF:42
LH:42
BRDA:2,0,0,4
BRDA:7,1,0,1
BRDA:11,2,0,3
BRDA:15,3,0,3
BRDA:17,4,0,2
BRDA:25,5,0,1
BRDA:34,6,0,3
BRF:7
BRH:7
end_of_record
TN:
SF:src/bank.js
FN:5,Bank
FN:11,printStatement
FN:15,deposit
FN:19,withdraw
FN:23,getBalance
FNF:5
FNH:5
FNDA:4,Bank
FNDA:1,printStatement
FNDA:2,deposit
FNDA:1,withdraw
FNDA:3,getBalance
DA:1,1
DA:2,1
DA:3,1
DA:4,1
DA:5,1
DA:6,4
DA:7,4
DA:8,4
DA:9,4
DA:10,1
DA:11,1
DA:12,1
DA:13,1
DA:14,1
DA:15,1
DA:16,2
DA:17,2
DA:18,1
DA:19,1
DA:20,1
DA:21,1
DA:22,1
DA:23,1
DA:24,3
DA:25,3
DA:26,1
DA:27,1
LF:27
LH:27
BRDA:5,0,0,4
BRDA:11,1,0,1
BRDA:15,2,0,2
BRDA:19,3,0,1
BRDA:23,4,0,3
BRF:5
BRH:5
end_of_record
TN:
SF:src/printer.js
FN:2,Printer
FN:7,print
FN:15,_addTransactions
FNF:3
FNH:3
FNDA:4,Printer
FNDA:1,print
FNDA:3,_addTransactions
DA:1,1
DA:2,1
DA:3,4
DA:4,4
DA:5,4
DA:6,1
DA:7,1
DA:8,1
DA:9,1
DA:10,1
DA:11,0
DA:12,0
DA:13,1
DA:14,1
DA:15,1
DA:16,3
DA:17,3
DA:18,4
DA:19,4
DA:20,2
DA:21,2
DA:22,2
DA:23,2
DA:24,2
DA:25,2
DA:26,2
DA:27,2
DA:28,2
DA:29,2
DA:30,4
DA:31,3
DA:32,3
DA:33,1
DA:34,1
DA:35,1
LF:35
LH:33
BRDA:2,0,0,4
BRDA:7,1,0,1
BRDA:10,2,0,0
BRDA:15,3,0,3
BRDA:17,4,0,4
BRDA:19,5,0,2
BRF:6
BRH:5
end_of_record
