TN:
SF:src/account.js
FN:2,Account
FN:8,returnTransactions
FN:12,returnBalance
FN:16,transaction
FN:37,_currentDate
FN:45,_formatNumber
FNF:6
FNH:6
FNDA:2,Account
FNDA:2,returnTransactions
FNDA:1,returnBalance
FNDA:3,transaction
FNDA:3,_currentDate
FNDA:6,_formatNumber
DA:1,1
DA:2,1
DA:3,2
DA:4,2
DA:5,2
DA:6,2
DA:7,1
DA:8,1
DA:9,2
DA:10,2
DA:11,1
DA:12,1
DA:13,1
DA:14,1
DA:15,1
DA:16,1
DA:17,3
DA:18,3
DA:19,3
DA:20,3
DA:21,2
DA:22,2
DA:23,2
DA:24,2
DA:25,2
DA:26,2
DA:27,3
DA:28,3
DA:29,1
DA:30,1
DA:31,1
DA:32,1
DA:33,1
DA:34,1
DA:35,3
DA:36,1
DA:37,1
DA:38,3
DA:39,3
DA:40,3
DA:41,3
DA:42,3
DA:43,3
DA:44,1
DA:45,1
DA:46,6
DA:47,6
DA:48,1
DA:49,1
LF:49
LH:49
BRDA:2,0,0,2
BRDA:8,1,0,2
BRDA:12,2,0,1
BRDA:16,3,0,3
BRDA:20,4,0,2
BRDA:28,5,0,1
BRDA:37,6,0,3
BRDA:45,7,0,6
BRF:8
BRH:8
end_of_record
TN:
SF:src/bank.js
FN:5,Bank
FN:10,printStatement
FN:14,deposit
FN:18,withdraw
FNF:4
FNH:4
FNDA:2,Bank
FNDA:2,printStatement
FNDA:2,deposit
FNDA:1,withdraw
DA:1,1
DA:2,1
DA:3,1
DA:4,1
DA:5,1
DA:6,2
DA:7,2
DA:8,2
DA:9,1
DA:10,1
DA:11,2
DA:12,2
DA:13,1
DA:14,1
DA:15,2
DA:16,2
DA:17,1
DA:18,1
DA:19,1
DA:20,1
DA:21,1
DA:22,1
LF:22
LH:22
BRDA:5,0,0,2
BRDA:10,1,0,2
BRDA:14,2,0,2
BRDA:18,3,0,1
BRF:4
BRH:4
end_of_record
TN:
SF:src/printer.js
FN:2,Printer
FN:7,print
FN:11,_formatTransactions
FN:24,_formatCreditLine
FN:28,_formatDebitLine
FNF:5
FNH:5
FNDA:2,Printer
FNDA:2,print
FNDA:2,_formatTransactions
FNDA:2,_formatCreditLine
FNDA:1,_formatDebitLine
DA:1,1
DA:2,1
DA:3,2
DA:4,2
DA:5,2
DA:6,1
DA:7,1
DA:8,2
DA:9,2
DA:10,1
DA:11,1
DA:12,2
DA:13,2
DA:14,3
DA:15,3
DA:16,2
DA:17,3
DA:18,1
DA:19,1
DA:20,3
DA:21,2
DA:22,2
DA:23,1
DA:24,1
DA:25,2
DA:26,2
DA:27,1
DA:28,1
DA:29,1
DA:30,1
DA:31,1
DA:32,1
DA:33,1
LF:33
LH:33
BRDA:2,0,0,2
BRDA:7,1,0,2
BRDA:11,2,0,2
BRDA:13,3,0,3
BRDA:15,4,0,2
BRDA:17,5,0,1
BRDA:24,6,0,2
BRDA:28,7,0,1
BRF:8
BRH:8
end_of_record
